# JRE version: Java(TM) SE Runtime Environment (8.0_31-b13) (build 1.8.0_31-b13)
# Java VM: Java HotSpot(TM) 64-Bit Server VM (25.31-b07 mixed mode windows-amd64 compressed oops)
Heap:
 PSYoungGen      total 409088K, used 281549K [0x00000000d5b80000, 0x00000000f5f80000, 0x0000000100000000)
  eden space 300032K, 89% used [0x00000000d5b80000,0x00000000e622ea48,0x00000000e8080000)
  from space 109056K, 11% used [0x00000000ef500000,0x00000000f0144c90,0x00000000f5f80000)
  to   space 114176K, 0% used [0x00000000e8080000,0x00000000e8080000,0x00000000ef000000)
 ParOldGen       total 894464K, used 582650K [0x0000000081200000, 0x00000000b7b80000, 0x00000000d5b80000)
  object space 894464K, 65% used [0x0000000081200000,0x00000000a4afe9d8,0x00000000b7b80000)
 Metaspace       used 130943K, capacity 133996K, committed 134272K, reserved 1165312K
  class space    used 18720K, capacity 19303K, committed 19328K, reserved 1048576K
GC Heap History (10 events):
Event: 6366.441 GC heap before
{Heap before GC invocations=145 (full 10):
 PSYoungGen      total 429056K, used 302081K [0x00000000d5b80000, 0x00000000f9580000, 0x0000000100000000)
  eden space 293888K, 100% used [0x00000000d5b80000,0x00000000e7a80000,0x00000000e7a80000)
  from space 135168K, 6% used [0x00000000f1180000,0x00000000f1980460,0x00000000f9580000)
  to   space 144896K, 0% used [0x00000000e7a80000,0x00000000e7a80000,0x00000000f0800000)
 ParOldGen       total 894464K, used 607223K [0x0000000081200000, 0x00000000b7b80000, 0x00000000d5b80000)
  object space 894464K, 67% used [0x0000000081200000,0x00000000a62fdca0,0x00000000b7b80000)
 Metaspace       used 130695K, capacity 133676K, committed 134016K, reserved 1163264K
  class space    used 18681K, capacity 19226K, committed 19328K, reserved 1048576K
Event: 6366.457 GC heap after
Heap after GC invocations=145 (full 10):
 PSYoungGen      total 302592K, used 8353K [0x00000000d5b80000, 0x00000000f8a00000, 0x0000000100000000)
  eden space 293888K, 0% used [0x00000000d5b80000,0x00000000d5b80000,0x00000000e7a80000)
  from space 8704K, 95% used [0x00000000e7a80000,0x00000000e82a8460,0x00000000e8300000)
  to   space 137216K, 0% used [0x00000000f0400000,0x00000000f0400000,0x00000000f8a00000)
 ParOldGen       total 894464K, used 607223K [0x0000000081200000, 0x00000000b7b80000, 0x00000000d5b80000)
  object space 894464K, 67% used [0x0000000081200000,0x00000000a62fdca0,0x00000000b7b80000)
 Metaspace       used 130695K, capacity 133676K, committed 134016K, reserved 1163264K
  class space    used 18681K, capacity 19226K, committed 19328K, reserved 1048576K
}
Event: 6451.268 GC heap before
{Heap before GC invocations=146 (full 10):
 PSYoungGen      total 302592K, used 302241K [0x00000000d5b80000, 0x00000000f8a00000, 0x0000000100000000)
  eden space 293888K, 100% used [0x00000000d5b80000,0x00000000e7a80000,0x00000000e7a80000)
  from space 8704K, 95% used [0x00000000e7a80000,0x00000000e82a8460,0x00000000e8300000)
  to   space 137216K, 0% used [0x00000000f0400000,0x00000000f0400000,0x00000000f8a00000)
 ParOldGen       total 894464K, used 607223K [0x0000000081200000, 0x00000000b7b80000, 0x00000000d5b80000)
  object space 894464K, 67% used [0x0000000081200000,0x00000000a62fdca0,0x00000000b7b80000)
 Metaspace       used 130697K, capacity 133676K, committed 134016K, reserved 1163264K
  class space    used 18681K, capacity 19226K, committed 19328K, reserved 1048576K
Event: 6451.282 GC heap after
Heap after GC invocations=146 (full 10):
 PSYoungGen      total 418304K, used 8353K [0x00000000d5b80000, 0x00000000f7a80000, 0x0000000100000000)
  eden space 296960K, 0% used [0x00000000d5b80000,0x00000000d5b80000,0x00000000e7d80000)
  from space 121344K, 6% used [0x00000000f0400000,0x00000000f0c28440,0x00000000f7a80000)
  to   space 129536K, 0% used [0x00000000e7d80000,0x00000000e7d80000,0x00000000efc00000)
 ParOldGen       total 894464K, used 607223K [0x0000000081200000, 0x00000000b7b80000, 0x00000000d5b80000)
  object space 894464K, 67% used [0x0000000081200000,0x00000000a62fdca0,0x00000000b7b80000)
 Metaspace       used 130697K, capacity 133676K, committed 134016K, reserved 1163264K
  class space    used 18681K, capacity 19226K, committed 19328K, reserved 1048576K
}
Event: 6497.787 GC heap before
{Heap before GC invocations=147 (full 10):
 PSYoungGen      total 418304K, used 179045K [0x00000000d5b80000, 0x00000000f7a80000, 0x0000000100000000)
  eden space 296960K, 57% used [0x00000000d5b80000,0x00000000e02313b0,0x00000000e7d80000)
  from space 121344K, 6% used [0x00000000f0400000,0x00000000f0c28440,0x00000000f7a80000)
  to   space 129536K, 0% used [0x00000000e7d80000,0x00000000e7d80000,0x00000000efc00000)
 ParOldGen       total 894464K, used 607223K [0x0000000081200000, 0x00000000b7b80000, 0x00000000d5b80000)
  object space 894464K, 67% used [0x0000000081200000,0x00000000a62fdca0,0x00000000b7b80000)
 Metaspace       used 130734K, capacity 133696K, committed 134016K, reserved 1163264K
  class space    used 18685K, capacity 19231K, committed 19328K, reserved 1048576K
Event: 6497.803 GC heap after
Heap after GC invocations=147 (full 10):
 PSYoungGen      total 303616K, used 6577K [0x00000000d5b80000, 0x00000000f6c80000, 0x0000000100000000)
  eden space 296960K, 0% used [0x00000000d5b80000,0x00000000d5b80000,0x00000000e7d80000)
  from space 6656K, 98% used [0x00000000e7d80000,0x00000000e83ec430,0x00000000e8400000)
  to   space 122368K, 0% used [0x00000000ef500000,0x00000000ef500000,0x00000000f6c80000)
 ParOldGen       total 894464K, used 607223K [0x0000000081200000, 0x00000000b7b80000, 0x00000000d5b80000)
  object space 894464K, 67% used [0x0000000081200000,0x00000000a62fdca0,0x00000000b7b80000)
 Metaspace       used 130734K, capacity 133696K, committed 134016K, reserved 1163264K
  class space    used 18685K, capacity 19231K, committed 19328K, reserved 1048576K
}
Event: 6497.803 GC heap before
{Heap before GC invocations=148 (full 11):
 PSYoungGen      total 303616K, used 6577K [0x00000000d5b80000, 0x00000000f6c80000, 0x0000000100000000)
  eden space 296960K, 0% used [0x00000000d5b80000,0x00000000d5b80000,0x00000000e7d80000)
  from space 6656K, 98% used [0x00000000e7d80000,0x00000000e83ec430,0x00000000e8400000)
  to   space 122368K, 0% used [0x00000000ef500000,0x00000000ef500000,0x00000000f6c80000)
 ParOldGen       total 894464K, used 607223K [0x0000000081200000, 0x00000000b7b80000, 0x00000000d5b80000)
  object space 894464K, 67% used [0x0000000081200000,0x00000000a62fdca0,0x00000000b7b80000)
 Metaspace       used 130734K, capacity 133696K, committed 134016K, reserved 1163264K
  class space    used 18685K, capacity 19231K, committed 19328K, reserved 1048576K
Event: 6500.951 GC heap after
Heap after GC invocations=148 (full 11):
 PSYoungGen      total 303616K, used 0K [0x00000000d5b80000, 0x00000000f6c80000, 0x0000000100000000)
  eden space 296960K, 0% used [0x00000000d5b80000,0x00000000d5b80000,0x00000000e7d80000)
  from space 6656K, 0% used [0x00000000e7d80000,0x00000000e7d80000,0x00000000e8400000)
  to   space 122368K, 0% used [0x00000000ef500000,0x00000000ef500000,0x00000000f6c80000)
 ParOldGen       total 894464K, used 582642K [0x0000000081200000, 0x00000000b7b80000, 0x00000000d5b80000)
  object space 894464K, 65% used [0x0000000081200000,0x00000000a4afc9d8,0x00000000b7b80000)
 Metaspace       used 130734K, capacity 133696K, committed 134016K, reserved 1163264K
  class space    used 18685K, capacity 19231K, committed 19328K, reserved 1048576K
}
Event: 6504.400 GC heap before
{Heap before GC invocations=149 (full 11):
 PSYoungGen      total 303616K, used 296960K [0x00000000d5b80000, 0x00000000f6c80000, 0x0000000100000000)
  eden space 296960K, 100% used [0x00000000d5b80000,0x00000000e7d80000,0x00000000e7d80000)
  from space 6656K, 0% used [0x00000000e7d80000,0x00000000e7d80000,0x00000000e8400000)
  to   space 122368K, 0% used [0x00000000ef500000,0x00000000ef500000,0x00000000f6c80000)
 ParOldGen       total 894464K, used 582642K [0x0000000081200000, 0x00000000b7b80000, 0x00000000d5b80000)
  object space 894464K, 65% used [0x0000000081200000,0x00000000a4afc9d8,0x00000000b7b80000)
 Metaspace       used 130776K, capacity 133836K, committed 134016K, reserved 1163264K
  class space    used 18700K, capacity 19271K, committed 19328K, reserved 1048576K
Event: 6504.419 GC heap after
Heap after GC invocations=149 (full 11):
 PSYoungGen      total 409088K, used 12563K [0x00000000d5b80000, 0x00000000f5f80000, 0x0000000100000000)
  eden space 300032K, 0% used [0x00000000d5b80000,0x00000000d5b80000,0x00000000e8080000)
  from space 109056K, 11% used [0x00000000ef500000,0x00000000f0144c90,0x00000000f5f80000)
  to   space 114176K, 0% used [0x00000000e8080000,0x00000000e8080000,0x00000000ef000000)
 ParOldGen       total 894464K, used 582650K [0x0000000081200000, 0x00000000b7b80000, 0x00000000d5b80000)
  object space 894464K, 65% used [0x0000000081200000,0x00000000a4afe9d8,0x00000000b7b80000)
 Metaspace       used 130776K, capacity 133836K, committed 134016K, reserved 1163264K
  class space    used 18700K, capacity 19271K, committed 19328K, reserved 1048576K
}

